[debug] [2022-06-14T23:32:21.546Z] ----------------------------------------------------------------------
[debug] [2022-06-14T23:32:21.547Z] Command:       /usr/local/bin/node /usr/local/bin/firebase init
[debug] [2022-06-14T23:32:21.547Z] CLI Version:   11.1.0
[debug] [2022-06-14T23:32:21.547Z] Platform:      darwin
[debug] [2022-06-14T23:32:21.547Z] Node Version:  v16.15.1
[debug] [2022-06-14T23:32:21.548Z] Time:          Tue Jun 14 2022 18:32:21 GMT-0500 (Central Daylight Time)
[debug] [2022-06-14T23:32:21.548Z] ----------------------------------------------------------------------
[debug] 
[debug] [2022-06-14T23:32:21.574Z] > command requires scopes: ["email","openid","https://www.googleapis.com/auth/cloudplatformprojects.readonly","https://www.googleapis.com/auth/firebase","https://www.googleapis.com/auth/cloud-platform"]
[debug] [2022-06-14T23:32:21.574Z] > authorizing via signed-in user (antsuarez305@gmail.com)
[info] 
     ######## #### ########  ######## ########     ###     ######  ########
     ##        ##  ##     ## ##       ##     ##  ##   ##  ##       ##
     ######    ##  ########  ######   ########  #########  ######  ######
     ##        ##  ##    ##  ##       ##     ## ##     ##       ## ##
     ##       #### ##     ## ######## ########  ##     ##  ######  ########

You're about to initialize a Firebase project in this directory:

  /Users/anthonysuarez/Documents/Source/the-dojo

Before we get started, keep in mind:

  * You are initializing within an existing Firebase project directory

